<lsc>
	<connections>
		<connection type="ldap">
			<name>myAdServer</name>
			<url>ldap://localhost:1390/dc=AD,dc=net</url>
			<username>cn=manager,dc=AD,dc=net</username>
			<password>secret</password>
			<referral>ignore</referral>
			<derefAliases>never</derefAliases>
			<factory>com.sun.jndi.ldap.LdapCtxFactory</factory>
			<version>3</version>
			<authentification>simple</authentification>
			<pageSize>10</pageSize>
			<tls>true</tls>
		</connection>
		<connection type="database">
			<name>myHSQLDBServer</name>
			<url>jdbc:hsqldb:file:hsqldb/lsc</url>
			<username>elilly</username>
			<password></password>
			<driver>org.hsqldb.blabla</driver>
		</connection>
	</connections>

	<services>
		<service type="SimpleJndiSrcService">
			<name>myADAccount</name>
			<connection>myAdServer</connection>
			<baseDn>ou=people</baseDn>
			<pivotAttributes>dn, cn</pivotAttributes>
			<fetchAttributes>uid, mail, cn</fetchAttributes>
			<dn>'cn=' + srcBean.getAttributeValueById('uid')</dn>
			<getAllFilter><![CDATA[(&(objectClass=inetOrgPerson)(uid=*))]]></getAllFilter>
			<getOneFilter><![CDATA[(&(objectClass=inetOrgPerson)(uid={uid}))]]></getOneFilter>
		</service>
		<service type="SimpleJndiDstService">
			<name>myDestination</name>
			<connection>myAdServer</connection>
		</service>
	</services>

	<tasks>
		<task>
			<name>myTask</name>
			<source>myADAccount</source>
			<destination>myDestination</destination>
			<conditions>
				<create>1 > 0</create>
				<update>src.getAttr('updateTimeStamp') > dst.getAttr('updateTimeStamp')</update>
				<delete>false</delete>
				<modrdn>false</modrdn>
			</conditions>
			<syncoptions class="XmlBasedSyncOptions">
				<attributes>
					<name>cn</name>
					<createValue>toto</createValue>
					<defaultValue>toto</defaultValue>
					<forceValue>toto</forceValue>
					<policy>(force|keep|merge)</policy>
				</attributes>
			</syncoptions>
		</task>
	</tasks>
</lsc>
